Build started 2/06/2015 12:13:42 PM.
     1>Project "C:\Users\Ahmed\Desktop\iGraphics - Copy (3)\Igraphics.vcxproj" on node 2 (Build target(s)).
     1>InitializeBuildStatus:
         Creating "Debug\Igraphics.tlog\unsuccessfulbuild" because "AlwaysCreate" was specified.
       ClCompile:
         C:\Program Files (x86)\Microsoft Visual Studio 12.0\VC\bin\CL.exe /c /I"Igraphics_08.02.2014\GL Files\include" /ZI /nologo /W3 /WX- /Od /Oy- /D WIN32 /D _DEBUG /D _CONSOLE /D _MBCS /Gm /EHsc /RTC1 /MDd /GS /fp:precise /Zc:wchar_t /Zc:forScope /Fo"Debug\\" /Fd"Debug\vc120.pdb" /Gd /TP /analyze- /errorReport:prompt "Igraphics_08.02.2014\Source Files\Final(31.5.2015).cpp"
         Final(31.5.2015).cpp
     1>c:\users\ahmed\desktop\igraphics - copy (3)\igraphics_08.02.2014\source files\final(31.5.2015).cpp(189): warning C4101: 'qq' : unreferenced local variable
     1>c:\users\ahmed\desktop\igraphics - copy (3)\igraphics_08.02.2014\source files\final(31.5.2015).cpp(189): warning C4101: 'ww' : unreferenced local variable
       Link:
         C:\Program Files (x86)\Microsoft Visual Studio 12.0\VC\bin\link.exe /ERRORREPORT:PROMPT /OUT:"C:\Users\Ahmed\Desktop\iGraphics - Copy (3)\Debug\Igraphics.exe" /INCREMENTAL /NOLOGO /LIBPATH:"Igraphics_08.02.2014\GL Files\lib" kernel32.lib user32.lib gdi32.lib winspool.lib comdlg32.lib advapi32.lib shell32.lib ole32.lib oleaut32.lib uuid.lib odbc32.lib odbccp32.lib /MANIFEST /MANIFESTUAC:"level='asInvoker' uiAccess='false'" /manifest:embed /DEBUG /PDB:"C:\Users\Ahmed\Desktop\iGraphics - Copy (3)\Debug\Igraphics.pdb" /SUBSYSTEM:CONSOLE /TLBID:1 /DYNAMICBASE /NXCOMPAT /IMPLIB:"C:\Users\Ahmed\Desktop\iGraphics - Copy (3)\Debug\Igraphics.lib" /MACHINE:X86 /SAFESEH:NO "Debug\Final(31.5.2015).obj"
         Debug\Levels.obj
         Debug\mewMenu.obj
         Debug\Save.obj
         Debug\Score.obj
         Igraphics.vcxproj -> C:\Users\Ahmed\Desktop\iGraphics - Copy (3)\Debug\Igraphics.exe
       FinalizeBuildStatus:
         Deleting file "Debug\Igraphics.tlog\unsuccessfulbuild".
         Touching "Debug\Igraphics.tlog\Igraphics.lastbuildstate".
     1>Done Building Project "C:\Users\Ahmed\Desktop\iGraphics - Copy (3)\Igraphics.vcxproj" (Build target(s)).

Build succeeded.

Time Elapsed 00:00:01.29
